<?xml version="1.0" ?>
<coverage version="7.15.4" timestamp="1787074952549" lines-valid="5" lines-covered="5" line-rate="1" branches-covered="0" branches-valid="0" branch-rate="0" complexity="0">
	<!-- Generated by coverage.py: https://coverage.readthedocs.io/en/7.15.4 -->
	<!-- Based on https://raw.githubusercontent.com/cobertura/web/master/htdocs/xml/coverage-04.dtd -->
	<sources>
		<source>/home/cody/git/anibridge-anidb-provider/src</source>
	</sources>
	<packages>
		<package name="anibridge.providers.anidb" line-rate="1" branch-rate="0" complexity="0">
			<classes>
				<class name="config.py" filename="anibridge/providers/anidb/config.py" complexity="0" line-rate="1" branch-rate="0">
					<methods/>
					<lines>
						<line number="3" hits="1"/>
						<line number="6" hits="1"/>
						<line number="26" hits="1"/>
						<line number="27" hits="1"/>
						<line number="28" hits="1"/>
					</lines>
				</class>
			</classes>
		</package>
	</packages>
</coverage>
